<?xml version="1.0" encoding="UTF-8"?>
<!-- Generated by org.testng.reporters.JUnitReportReporter -->
<testsuite hostname="DESKTOP-URLT9UH" failures="0" tests="1" name="testCases.TC01_AccountRegistration" time="5.039" errors="0" timestamp="2025-02-01T17:15:41 IST" skipped="0">
  <testcase classname="testCases.TC01_AccountRegistration" name="verify_account_registration" time="5.039"/>
</testsuite> <!-- testCases.TC01_AccountRegistration -->
