<?xml version="1.0" encoding="UTF-8"?>
<!-- Generated by org.testng.reporters.JUnitReportReporter -->
<testsuite hostname="DESKTOP-URLT9UH" failures="0" tests="1" name="testCases.TC02_LoginTest" time="21.488" errors="0" timestamp="2025-08-20T09:31:57 IST" skipped="0">
  <testcase classname="testCases.TC02_LoginTest" name="verify_login" time="21.488"/>
</testsuite> <!-- testCases.TC02_LoginTest -->
