<?xml version="1.0" encoding="UTF-8"?>
<!-- Generated by org.testng.reporters.JUnitReportReporter -->
<testsuite hostname="DESKTOP-URLT9UH" failures="0" tests="1" name="testCases.TC01_AccountRegistration" time="6.024" errors="0" timestamp="2025-05-07T16:16:46 IST" skipped="0">
  <testcase classname="testCases.TC01_AccountRegistration" name="verify_account_registration" time="6.024"/>
</testsuite> <!-- testCases.TC01_AccountRegistration -->
