<?xml version="1.0" encoding="UTF-8"?>
<!-- Generated by org.testng.reporters.JUnitReportReporter -->
<testsuite hostname="DESKTOP-URLT9UH" failures="0" tests="1" name="testCases.TC02_LoginTest" time="2.678" errors="0" timestamp="2025-05-07T16:29:03 IST" skipped="0">
  <testcase classname="testCases.TC02_LoginTest" name="verify_login" time="2.678"/>
</testsuite> <!-- testCases.TC02_LoginTest -->
